[2014-11-24 10:48:17  :00000001] LAUNCH logger ./log/gameserver
[2014-11-24 10:48:17  :00000002] LAUNCH snlua bootstrap
[2014-11-24 10:48:17  :00000003] LAUNCH snlua launcher
[2014-11-24 10:48:17  :00000004] LAUNCH snlua cdummy
[2014-11-24 10:48:17  :00000005] LAUNCH harbor 0 4
[2014-11-24 10:48:17  :00000006] LAUNCH snlua datacenterd
[2014-11-24 10:48:17  :00000007] LAUNCH snlua service_mgr
[2014-11-24 10:48:17  :00000008] LAUNCH snlua main
[2014-11-24 10:48:17  :00000009] LAUNCH snlua redisdb
[2014-11-24 10:48:17  :00000009] init service failed: ./lualib/socketchannel.lua:281: Connect to 127.0.0.1:6379 failed
stack traceback:
	[C]: in function 'error'
	./lualib/socketchannel.lua:281: in function <./lualib/socketchannel.lua:257>
	(...tail calls...)
	./lualib/redis.lua:90: in function 'connect'
	./coc_lua/redisdb.lua:264: in function 'start'
	./lualib/skynet.lua:631: in function <./lualib/skynet.lua:628>
	[C]: in function 'xpcall'
	./lualib/skynet.lua:636: in function 'init_service'
	./lualib/skynet.lua:649: in function 'f'
	./lualib/skynet.lua:109: in function <./lualib/skynet.lua:108>
[2014-11-24 10:48:17  :00000009] KILL self
[2014-11-24 10:48:17  :00000008] init service failed: ./lualib/skynet.lua:407: stack traceback:
	./lualib/skynet.lua:407: in function 'yield_call'
	./lualib/skynet.lua:417: in function <./lualib/skynet.lua:411>
	(...tail calls...)
	./coc_lua/main.lua:9: in function 'start'
	./lualib/skynet.lua:631: in function <./lualib/skynet.lua:628>
	[C]: in function 'xpcall'
	./lualib/skynet.lua:636: in function 'init_service'
	./lualib/skynet.lua:649: in function 'f'
	./lualib/skynet.lua:109: in function <./lualib/skynet.lua:108>
stack traceback:
	[C]: in function 'assert'
	./lualib/skynet.lua:407: in function 'yield_call'
	./lualib/skynet.lua:417: in function <./lualib/skynet.lua:411>
	(...tail calls...)
	./coc_lua/main.lua:9: in function 'start'
	./lualib/skynet.lua:631: in function <./lualib/skynet.lua:628>
	[C]: in function 'xpcall'
	./lualib/skynet.lua:636: in function 'init_service'
	./lualib/skynet.lua:649: in function 'f'
	./lualib/skynet.lua:109: in function <./lualib/skynet.lua:108>
[2014-11-24 10:48:17  :00000008] KILL self
[2014-11-24 10:48:17  :00000002] KILL self
[2014-11-24 10:49:28  :00000001] LAUNCH logger ./log/gameserver
[2014-11-24 10:49:28  :00000002] LAUNCH snlua bootstrap
[2014-11-24 10:49:28  :00000003] LAUNCH snlua launcher
[2014-11-24 10:49:28  :00000004] LAUNCH snlua cdummy
[2014-11-24 10:49:28  :00000005] LAUNCH harbor 0 4
[2014-11-24 10:49:28  :00000006] LAUNCH snlua datacenterd
[2014-11-24 10:49:28  :00000007] LAUNCH snlua service_mgr
[2014-11-24 10:49:28  :00000008] LAUNCH snlua main
[2014-11-24 10:49:28  :00000009] LAUNCH snlua redisdb
[2014-11-24 10:49:28  :0000000a] LAUNCH snlua logind
[2014-11-24 10:49:28  :0000000b] LAUNCH snlua logind
[2014-11-24 10:49:28  :0000000c] LAUNCH snlua logind
[2014-11-24 10:49:28  :0000000d] LAUNCH snlua logind
[2014-11-24 10:49:28  :0000000e] LAUNCH snlua logind
[2014-11-24 10:49:28  :0000000f] LAUNCH snlua logind
[2014-11-24 10:49:28  :00000010] LAUNCH snlua logind
[2014-11-24 10:49:28  :00000011] LAUNCH snlua logind
[2014-11-24 10:49:28  :00000012] LAUNCH snlua logind
[2014-11-24 10:49:28  :0000000a] login server listen at : 127.0.0.1 8001
[2014-11-24 10:49:28  :00000013] LAUNCH snlua gated 10
[2014-11-24 10:49:28  :00000013] Listen on 0.0.0.0:8888
[2014-11-24 10:49:28  :00000008] KILL self
[2014-11-24 10:49:28  :00000002] KILL self
