[2014-11-24 14:18:39.384771  :00000001] LAUNCH logger ./log/gameserver
[2014-11-24 14:18:39.389267  :00000002] LAUNCH snlua bootstrap
[2014-11-24 14:18:39.390168  :00000003] LAUNCH snlua launcher
[2014-11-24 14:18:39.391187  :00000004] LAUNCH snlua cdummy
[2014-11-24 14:18:39.391296  :00000005] LAUNCH harbor 0 4
[2014-11-24 14:18:39.391816  :00000006] LAUNCH snlua datacenterd
[2014-11-24 14:18:39.392921  :00000007] LAUNCH snlua service_mgr
[2014-11-24 14:18:39.393208  :00000008] LAUNCH snlua main
[2014-11-24 14:18:39.395918  :00000009] LAUNCH snlua redisdb
[2014-11-24 14:18:39.397728  :0000000a] LAUNCH snlua logind
[2014-11-24 14:18:39.398328  :0000000b] LAUNCH snlua logind
[2014-11-24 14:18:39.398608  :0000000c] LAUNCH snlua logind
[2014-11-24 14:18:39.406541  :0000000d] LAUNCH snlua logind
[2014-11-24 14:18:39.406882  :0000000e] LAUNCH snlua logind
[2014-11-24 14:18:39.407172  :0000000f] LAUNCH snlua logind
[2014-11-24 14:18:39.407622  :00000010] LAUNCH snlua logind
[2014-11-24 14:18:39.407957  :00000011] LAUNCH snlua logind
[2014-11-24 14:18:39.408343  :00000012] LAUNCH snlua logind
[2014-11-24 14:18:39.408442  :0000000a] login server listen at : 127.0.0.1 8001
[2014-11-24 14:18:39.409443  :00000013] LAUNCH snlua gated 10
[2014-11-24 14:18:39.409542  :00000013] Listen on 0.0.0.0:8888
[2014-11-24 14:18:39.409680  :00000008] KILL self
[2014-11-24 14:18:39.409804  :00000002] KILL self
[2014-11-24 14:18:55.948966  :0000000b] connect from 127.0.0.1:43006 (fd = 4)
[2014-11-24 14:18:55.992546  :00000014] LAUNCH snlua msgagent
[2014-11-24 14:18:56.6721  :00000014] hello123@163.com is login
[2014-11-24 14:18:56.11089  :00000014] REQUEST : load_role {}
[2014-11-24 14:18:56.11110  :00000014] RESPONSE : +result [0]
+roleinfo+build_count [4]
         +max_goldcoin [1000]
         +name [dh]
         +water [750]
         +max_water [750]
         +points [0]
         +build+1+y [20]
         |     | +x [35]
         |     | +index [1]
         |     | +id [100]
         |     | +level [1]
         |     | +finish [1]
         |     +2+y [25]
         |     | +collect_time [1416802478.01]
         |     | +index [2]
         |     | +id [103]
         |     | +finish [1]
         |     | +level [1]
         |     | +x [40]
         |     +3+y [30]
         |     | +x [45]
         |     | +index [3]
         |     | +id [105]
         |     | +level [1]
         |     | +finish [1]
         |     +4+y [35]
         |       +x [55]
         |       +index [4]
         |       +id [108]
         |       +level [1]
         |       +finish [1]
         +exp [0]
         +goldcoin [750]
         +level [1]
         +gem [500]
[2014-11-24 14:19:31.935938  :00000014] AFK
[2014-11-24 14:19:39.133799  :0000000c] connect from 127.0.0.1:43008 (fd = 6)
[2014-11-24 14:19:39.175378  :00000014] hello123@163.com is logout
[2014-11-24 14:19:39.176195  :00000014] KILL self
[2014-11-24 14:19:39.176314  :00000015] LAUNCH snlua msgagent
[2014-11-24 14:19:39.185191  :00000015] hello123@163.com is login
[2014-11-24 14:19:39.189044  :00000015] REQUEST : load_role {}
[2014-11-24 14:19:39.189065  :00000015] RESPONSE : +result [0]
+roleinfo+max_goldcoin [1000]
         +exp [0]
         +gem [500]
         +goldcoin [750]
         +level [1]
         +points [0]
         +build_count [4]
         +name [dh]
         +max_water [750]
         +build+1+id [100]
         |     | +finish [1]
         |     | +level [1]
         |     | +x [35]
         |     | +index [1]
         |     | +y [20]
         |     +2+collect_time [1416802478.01]
         |     | +id [103]
         |     | +finish [1]
         |     | +level [1]
         |     | +x [40]
         |     | +index [2]
         |     | +y [25]
         |     +3+id [105]
         |     | +finish [1]
         |     | +level [1]
         |     | +x [45]
         |     | +index [3]
         |     | +y [30]
         |     +4+id [108]
         |       +finish [1]
         |       +level [1]
         |       +x [55]
         |       +index [4]
         |       +y [35]
         +water [750]
[2014-11-24 14:20:44.179278  :00000015] KILL self
[2014-11-24 14:20:59.199740  :00000001] LAUNCH logger ./log/gameserver
[2014-11-24 14:20:59.202112  :00000002] LAUNCH snlua bootstrap
[2014-11-24 14:20:59.208087  :00000003] LAUNCH snlua launcher
[2014-11-24 14:20:59.210806  :00000004] LAUNCH snlua cdummy
[2014-11-24 14:20:59.214052  :00000005] LAUNCH harbor 0 4
[2014-11-24 14:20:59.214128  :00000006] LAUNCH snlua datacenterd
[2014-11-24 14:20:59.214154  :00000007] LAUNCH snlua service_mgr
[2014-11-24 14:20:59.216825  :00000008] LAUNCH snlua main
[2014-11-24 14:20:59.220067  :00000009] LAUNCH snlua redisdb
[2014-11-24 14:20:59.226237  :0000000a] LAUNCH snlua logind
[2014-11-24 14:20:59.231802  :0000000b] LAUNCH snlua logind
[2014-11-24 14:20:59.231863  :0000000c] LAUNCH snlua logind
[2014-11-24 14:20:59.231890  :0000000d] LAUNCH snlua logind
[2014-11-24 14:20:59.231913  :0000000e] LAUNCH snlua logind
[2014-11-24 14:20:59.233308  :0000000f] LAUNCH snlua logind
[2014-11-24 14:20:59.234339  :00000010] LAUNCH snlua logind
[2014-11-24 14:20:59.234813  :00000011] LAUNCH snlua logind
[2014-11-24 14:20:59.235221  :00000012] LAUNCH snlua logind
[2014-11-24 14:20:59.235339  :0000000a] login server listen at : 127.0.0.1 8001
[2014-11-24 14:20:59.236488  :00000013] LAUNCH snlua gated 10
[2014-11-24 14:20:59.236735  :00000013] Listen on 0.0.0.0:8888
[2014-11-24 14:20:59.236924  :00000008] KILL self
[2014-11-24 14:20:59.237101  :00000002] KILL self
[2014-11-24 14:21:08.942539  :0000000b] connect from 127.0.0.1:43011 (fd = 4)
[2014-11-24 14:21:08.986441  :00000014] LAUNCH snlua msgagent
[2014-11-24 14:21:08.995933  :00000014] hello123@163.com is login
[2014-11-24 14:21:08.000879  :00000014] REQUEST : load_role {}
[2014-11-24 14:21:08.000914  :00000014] RESPONSE : +result [0]
+roleinfo+water [750]
         +gem [500]
         +build+1+x [35]
         |     | +id [100]
         |     | +y [20]
         |     | +finish [1]
         |     | +level [1]
         |     | +index [1]
         |     +2+x [40]
         |     | +id [103]
         |     | +y [25]
         |     | +finish [1]
         |     | +level [1]
         |     | +collect_time [1416802478.01]
         |     | +index [2]
         |     +3+x [45]
         |     | +id [105]
         |     | +y [30]
         |     | +finish [1]
         |     | +level [1]
         |     | +index [3]
         |     +4+x [55]
         |       +id [108]
         |       +y [35]
         |       +finish [1]
         |       +level [1]
         |       +index [4]
         +goldcoin [750]
         +max_goldcoin [1000]
         +points [0]
         +name [dh]
         +level [1]
         +build_count [4]
         +exp [0]
         +max_water [750]
[2014-11-24 14:22:13.992195  :00000014] KILL self
