[2014-11-23 04:17:14  :00000001] LAUNCH logger ./log/gameserver
[2014-11-23 04:17:14  :00000002] LAUNCH snlua bootstrap
[2014-11-23 04:17:14  :00000003] LAUNCH snlua launcher
[2014-11-23 04:17:14  :00000004] LAUNCH snlua cdummy
[2014-11-23 04:17:14  :00000005] LAUNCH harbor 0 4
[2014-11-23 04:17:14  :00000006] LAUNCH snlua datacenterd
[2014-11-23 04:17:14  :00000007] LAUNCH snlua service_mgr
[2014-11-23 04:17:14  :00000008] LAUNCH snlua main
[2014-11-23 04:17:14  :00000009] LAUNCH snlua redisdb
[2014-11-23 04:17:14  :0000000a] LAUNCH snlua logind
[2014-11-23 04:17:14  :0000000b] LAUNCH snlua logind
[2014-11-23 04:17:14  :0000000c] LAUNCH snlua logind
[2014-11-23 04:17:14  :0000000d] LAUNCH snlua logind
[2014-11-23 04:17:14  :0000000e] LAUNCH snlua logind
[2014-11-23 04:17:14  :0000000f] LAUNCH snlua logind
[2014-11-23 04:17:14  :00000010] LAUNCH snlua logind
[2014-11-23 04:17:14  :00000011] LAUNCH snlua logind
[2014-11-23 04:17:14  :00000012] LAUNCH snlua logind
[2014-11-23 04:17:14  :0000000a] login server listen at : 127.0.0.1 8001
[2014-11-23 04:17:14  :00000013] LAUNCH snlua gated 10
[2014-11-23 04:17:14  :00000013] Listen on 0.0.0.0:8888
[2014-11-23 04:17:14  :00000008] KILL self
[2014-11-23 04:17:14  :00000002] KILL self
[2014-11-23 04:25:18  :00000001] LAUNCH logger ./log/gameserver
[2014-11-23 04:25:18  :00000002] LAUNCH snlua bootstrap
[2014-11-23 04:25:18  :00000003] LAUNCH snlua launcher
[2014-11-23 04:25:18  :00000004] LAUNCH snlua cdummy
[2014-11-23 04:25:18  :00000005] LAUNCH harbor 0 4
[2014-11-23 04:25:18  :00000006] LAUNCH snlua datacenterd
[2014-11-23 04:25:18  :00000007] LAUNCH snlua service_mgr
[2014-11-23 04:25:18  :00000008] LAUNCH snlua main
[2014-11-23 04:25:18  :00000009] LAUNCH snlua redisdb
[2014-11-23 04:25:18  :0000000a] LAUNCH snlua logind
[2014-11-23 04:25:18  :0000000b] LAUNCH snlua logind
[2014-11-23 04:25:18  :0000000c] LAUNCH snlua logind
[2014-11-23 04:25:18  :0000000d] LAUNCH snlua logind
[2014-11-23 04:25:18  :0000000e] LAUNCH snlua logind
[2014-11-23 04:25:18  :0000000f] LAUNCH snlua logind
[2014-11-23 04:25:18  :00000010] LAUNCH snlua logind
[2014-11-23 04:25:18  :00000011] LAUNCH snlua logind
[2014-11-23 04:25:18  :00000012] LAUNCH snlua logind
[2014-11-23 04:25:18  :0000000a] login server listen at : 127.0.0.1 8001
[2014-11-23 04:25:18  :00000013] LAUNCH snlua gated 10
[2014-11-23 04:25:18  :00000013] Listen on 0.0.0.0:8888
[2014-11-23 04:25:18  :00000008] KILL self
[2014-11-23 04:25:18  :00000002] KILL self
[2014-11-23 04:25:56  :00000001] LAUNCH logger ./log/gameserver
[2014-11-23 04:25:56  :00000002] LAUNCH snlua bootstrap
[2014-11-23 04:25:56  :00000003] LAUNCH snlua launcher
[2014-11-23 04:25:56  :00000004] LAUNCH snlua cdummy
[2014-11-23 04:25:56  :00000005] LAUNCH harbor 0 4
[2014-11-23 04:25:56  :00000006] LAUNCH snlua datacenterd
[2014-11-23 04:25:56  :00000007] LAUNCH snlua service_mgr
[2014-11-23 04:25:56  :00000008] LAUNCH snlua main
[2014-11-23 04:25:56  :00000009] LAUNCH snlua redisdb
[2014-11-23 04:25:56  :0000000a] LAUNCH snlua logind
[2014-11-23 04:25:56  :0000000b] LAUNCH snlua logind
[2014-11-23 04:25:56  :0000000c] LAUNCH snlua logind
[2014-11-23 04:25:56  :0000000d] LAUNCH snlua logind
[2014-11-23 04:25:56  :0000000e] LAUNCH snlua logind
[2014-11-23 04:25:56  :0000000f] LAUNCH snlua logind
[2014-11-23 04:25:56  :00000010] LAUNCH snlua logind
[2014-11-23 04:25:56  :00000011] LAUNCH snlua logind
[2014-11-23 04:25:56  :00000012] LAUNCH snlua logind
[2014-11-23 04:25:56  :0000000a] login server listen at : 127.0.0.1 8001
[2014-11-23 04:25:56  :00000013] LAUNCH snlua gated 10
[2014-11-23 04:25:56  :00000013] Listen on 0.0.0.0:8888
[2014-11-23 04:25:56  :00000008] KILL self
[2014-11-23 04:25:56  :00000002] KILL self
