[2014-11-25 10:17:51.837795  :00000001] LAUNCH logger ./log/gameserver
[2014-11-25 10:17:51.932031  :00000002] LAUNCH snlua bootstrap
[2014-11-25 10:17:51.932065  :00000003] LAUNCH snlua launcher
[2014-11-25 10:17:51.932073  :00000004] LAUNCH snlua cdummy
[2014-11-25 10:17:51.932080  :00000005] LAUNCH harbor 0 4
[2014-11-25 10:17:51.932087  :00000006] LAUNCH snlua datacenterd
[2014-11-25 10:17:51.934735  :00000007] LAUNCH snlua service_mgr
[2014-11-25 10:17:51.935634  :00000008] LAUNCH snlua main
[2014-11-25 10:17:51.937640  :00000009] LAUNCH snlua redisdb
[2014-11-25 10:17:51.989248  :0000000a] LAUNCH snlua logind
[2014-11-25 10:17:51.990264  :0000000b] LAUNCH snlua logind
[2014-11-25 10:17:51.991211  :0000000c] LAUNCH snlua logind
[2014-11-25 10:17:51.992033  :0000000d] LAUNCH snlua logind
[2014-11-25 10:17:51.992942  :0000000e] LAUNCH snlua logind
[2014-11-25 10:17:51.993876  :0000000f] LAUNCH snlua logind
[2014-11-25 10:17:51.994777  :00000010] LAUNCH snlua logind
[2014-11-25 10:17:52.011168  :00000011] LAUNCH snlua logind
[2014-11-25 10:17:52.851154  :00000012] LAUNCH snlua logind
[2014-11-25 10:17:52.852215  :0000000a] login server listen at : 127.0.0.1 8001
[2014-11-25 10:17:52.854086  :00000013] LAUNCH snlua gated 10
[2014-11-25 10:17:52.856284  :00000013] Listen on 0.0.0.0:8888
[2014-11-25 10:17:52.856539  :00000008] KILL self
[2014-11-25 10:17:52.856757  :00000002] KILL self
