
## ---------------------- ##
## Running config.status. ##
## ---------------------- ##

This file was extended by config.status, which was
generated by GNU Autoconf 2.63.  Invocation command line was

  CONFIG_FILES    = 
  CONFIG_HEADERS  = 
  CONFIG_LINKS    = 
  CONFIG_COMMANDS = 
  $ ./config.status 

on localhost.localdomain

config.status:908: creating Makefile
config.status:908: creating doc/html.xsl
config.status:908: creating doc/manpages.xsl
config.status:908: creating doc/jemalloc.xml
config.status:908: creating include/jemalloc/jemalloc_macros.h
config.status:908: creating include/jemalloc/jemalloc_protos.h
config.status:908: creating include/jemalloc/internal/jemalloc_internal.h
config.status:908: creating test/test.sh
config.status:908: creating test/include/test/jemalloc_test.h
config.status:908: creating config.stamp
config.status:908: creating bin/jemalloc.sh
config.status:908: creating include/jemalloc/jemalloc_defs.h
config.status:1124: include/jemalloc/jemalloc_defs.h is unchanged
config.status:908: creating include/jemalloc/internal/jemalloc_internal_defs.h
config.status:1124: include/jemalloc/internal/jemalloc_internal_defs.h is unchanged
config.status:908: creating test/include/test/jemalloc_test_defs.h
config.status:1124: test/include/test/jemalloc_test_defs.h is unchanged
config.status:1142: executing include/jemalloc/internal/private_namespace.h commands
config.status:1142: executing include/jemalloc/internal/private_unnamespace.h commands
config.status:1142: executing include/jemalloc/internal/public_symbols.txt commands
config.status:1142: executing include/jemalloc/internal/public_namespace.h commands
config.status:1142: executing include/jemalloc/internal/public_unnamespace.h commands
config.status:1142: executing include/jemalloc/internal/size_classes.h commands
config.status:1142: executing include/jemalloc/jemalloc_protos_jet.h commands
config.status:1142: executing include/jemalloc/jemalloc_rename.h commands
config.status:1142: executing include/jemalloc/jemalloc_mangle.h commands
config.status:1142: executing include/jemalloc/jemalloc_mangle_jet.h commands
config.status:1142: executing include/jemalloc/jemalloc.h commands
